<?xml version="1.0" encoding="UTF-8"?>
<!-- Generated by org.testng.reporters.JUnitReportReporter -->
<testsuite name="com.CheckingOrder" tests="2" time="0.037" ignored="0" failures="0" timestamp="07 Feb 2018 17:21:36 GMT" skipped="0" hostname="susanta-PC" errors="0">
  <testcase name="testcase1" time="0.031" classname="com.CheckingOrder"/>
  <testcase name="testcase2" time="0.006" classname="com.CheckingOrder"/>
</testsuite> <!-- com.CheckingOrder -->
